<?xml version="1.0" encoding="UTF-8"?>
<testng-results ignored="0" total="2" passed="2" failed="0" skipped="0">
  <reporter-output>
  </reporter-output>
  <suite started-at="2023-12-12T12:24:13 IST" name="ParallelSuite" finished-at="2023-12-12T12:24:24 IST" duration-ms="10910">
    <groups>
    </groups>
    <test started-at="2023-12-12T12:24:13 IST" name="ChromeTest" finished-at="2023-12-12T12:24:17 IST" duration-ms="4404">
      <class name="com.basics.parallelTest">
        <test-method is-config="true" signature="setup(java.lang.String)[pri:0, instance:com.basics.parallelTest@3f197a46]" started-at="2023-12-12T12:24:13 IST" name="setup" finished-at="2023-12-12T12:24:17 IST" duration-ms="3808" status="PASS">
          <params>
            <param index="0">
              <value>
                <![CDATA[chrome]]>
              </value>
            </param>
          </params>
          <reporter-output>
          </reporter-output>
        </test-method> <!-- setup -->
        <test-method signature="openGoogle()[pri:0, instance:com.basics.parallelTest@3f197a46]" started-at="2023-12-12T12:24:17 IST" name="openGoogle" finished-at="2023-12-12T12:24:17 IST" duration-ms="518" status="PASS">
          <reporter-output>
          </reporter-output>
        </test-method> <!-- openGoogle -->
      </class> <!-- com.basics.parallelTest -->
    </test> <!-- ChromeTest -->
    <test started-at="2023-12-12T12:24:13 IST" name="FirefoxTest" finished-at="2023-12-12T12:24:24 IST" duration-ms="10910">
      <class name="com.basics.parallelTest">
        <test-method is-config="true" signature="setup(java.lang.String)[pri:0, instance:com.basics.parallelTest@55b7a4e0]" started-at="2023-12-12T12:24:13 IST" name="setup" finished-at="2023-12-12T12:24:22 IST" duration-ms="8700" status="PASS">
          <params>
            <param index="0">
              <value>
                <![CDATA[firefox]]>
              </value>
            </param>
          </params>
          <reporter-output>
          </reporter-output>
        </test-method> <!-- setup -->
        <test-method signature="openGoogle()[pri:0, instance:com.basics.parallelTest@55b7a4e0]" started-at="2023-12-12T12:24:22 IST" name="openGoogle" finished-at="2023-12-12T12:24:24 IST" duration-ms="2160" status="PASS">
          <reporter-output>
          </reporter-output>
        </test-method> <!-- openGoogle -->
      </class> <!-- com.basics.parallelTest -->
    </test> <!-- FirefoxTest -->
  </suite> <!-- ParallelSuite -->
</testng-results>
