<?xml version="1.0" encoding="UTF-8"?>
<testsuite xmlns:xsi="http://www.w3.org/2001/XMLSchema-instance" xsi:noNamespaceSchemaLocation="https://maven.apache.org/surefire/maven-surefire-plugin/xsd/surefire-test-report-3.0.xsd" version="3.0" name="TestSuite" time="23.292" tests="4" errors="0" skipped="0" failures="3">
  <properties>
[...]
</properties>
  <testcase name="Logintest[username, password](1)" classname="com.basics.DataDrivenTesting" time="6.178">
    <failure message="Page title doesn&apos;t match expected title expected [Logged In Successfully | Practice Test Automation] but found [Test Login | Practice Test Automation]" type="java.lang.AssertionError"><![CDATA[java.lang.AssertionError: Page title doesn't match expected title expected [Logged In Successfully | Practice Test Automation] but found [Test Login | Practice Test Automation]
	at com.basics.DataDrivenTesting.Logintest(DataDrivenTesting.java:32)
]]></failure>
    <system-err><![CDATA[SLF4J: Failed to load class "org.slf4j.impl.StaticLoggerBinder".
SLF4J: Defaulting to no-operation (NOP) logger implementation
SLF4J: See http://www.slf4j.org/codes.html#StaticLoggerBinder for further details.
]]></system-err>
  </testcase>
  <testcase name="Logintest[student, pass](2)" classname="com.basics.DataDrivenTesting" time="4.885">
    <failure message="Page title doesn&apos;t match expected title expected [Logged In Successfully | Practice Test Automation] but found [Test Login | Practice Test Automation]" type="java.lang.AssertionError"><![CDATA[java.lang.AssertionError: Page title doesn't match expected title expected [Logged In Successfully | Practice Test Automation] but found [Test Login | Practice Test Automation]
	at com.basics.DataDrivenTesting.Logintest(DataDrivenTesting.java:32)
]]></failure>
  </testcase>
  <testcase name="Logintest[pass, student](3)" classname="com.basics.DataDrivenTesting" time="4.919">
    <failure message="Page title doesn&apos;t match expected title expected [Logged In Successfully | Practice Test Automation] but found [Test Login | Practice Test Automation]" type="java.lang.AssertionError"><![CDATA[java.lang.AssertionError: Page title doesn't match expected title expected [Logged In Successfully | Practice Test Automation] but found [Test Login | Practice Test Automation]
	at com.basics.DataDrivenTesting.Logintest(DataDrivenTesting.java:32)
]]></failure>
  </testcase>
  <testcase name="Logintest[student, Password123](4)" classname="com.basics.DataDrivenTesting" time="6.424"/>
</testsuite>